<?xml version="1.0" encoding="UTF-8"?>
<!-- Generated by org.testng.reporters.JUnitReportReporter -->
<testsuite hostname="sasa-HP-250-G7-Notebook-PC" failures="0" tests="1" name="KazinoTest" time="11.809" errors="0" timestamp="2022-04-27T16:16:40 CEST" skipped="0">
  <testcase classname="KazinoTest" name="startThirdKazinoGameAfterLogingIn" time="11.809"/>
  <system-out>
    <![CDATA[Opening Chrome Driver.<br>
Assertation passed. Casino page opened.
Assertation passed. Third blackjack game opened.]]>
  </system-out>
</testsuite> <!-- KazinoTest -->
